<?xml version="1.0" encoding="UTF-8"?>
<testsuite xmlns:xsi="http://www.w3.org/2001/XMLSchema-instance" xsi:noNamespaceSchemaLocation="https://maven.apache.org/surefire/maven-surefire-plugin/xsd/surefire-test-report.xsd" name="TestSuite" time="0.642" tests="2" errors="0" skipped="0" failures="0">
  <properties>
[...]
</properties>
  <testcase name="dummyTest on dummyTest(guru.springframework.JUnit4Test)" classname="guru.springframework.JUnit4Test" time="0.002"/>
  <testcase name="GetHello on GetHello(guru.springframework.JavaHelloWorldSpecTest)" classname="guru.springframework.JavaHelloWorldSpecTest" time="0.055"/>
</testsuite>