<?xml version="1.0" encoding="UTF-8"?>
<!-- Generated by org.testng.reporters.JUnitXMLReporter -->
<testsuite ignored="0" hostname="aloisio" failures="0" tests="2" name="Surefire test" time="2.487" errors="0" timestamp="25 fev 2020 01:03:43 GMT">
  <testcase classname="guru.springframework.JUnit4Test" name="dummyTest on dummyTest(guru.springframework.JUnit4Test)" time="0.081"/>
  <testcase classname="guru.springframework.JavaHelloWorldSpecTest" name="GetHello on GetHello(guru.springframework.JavaHelloWorldSpecTest)" time="1.746"/>
</testsuite> <!-- Surefire test -->
