<?xml version="1.0" encoding="UTF-8"?>
<!-- Generated by org.testng.reporters.JUnitXMLReporter -->
<testsuite ignored="0" hostname="aloisio" failures="0" tests="2" name="Surefire test" time="0.422" errors="0" timestamp="14 fev 2020 02:31:55 GMT">
  <testcase classname="guru.springframework.JUnit4Test" name="dummyTest on dummyTest(guru.springframework.JUnit4Test)" time="0.011"/>
  <testcase classname="guru.springframework.JavaHelloWorldSpecTest" name="GetHello on GetHello(guru.springframework.JavaHelloWorldSpecTest)" time="0.304"/>
</testsuite> <!-- Surefire test -->
